"../../../Engine/Content/Functions/Engine_MaterialFunctions01/Shading/PowerToRoughness.uasset" 0
"../../../Engine/Content/Functions/Engine_MaterialFunctions01/Shading/ConvertFromDiffSpec.uasset" 1
"../../../Engine/Content/EngineMaterials/DefaultDiffuse.uasset" 2
"../../../Engine/Content/EngineMaterials/DefaultDeferredDecalMaterial.uasset" 3
"../../../Engine/Content/EngineMaterials/DefaultLightFunctionMaterial.uasset" 4
"../../../Engine/Content/Functions/Engine_MaterialFunctions02/Utility/BreakOutFloat2Components.uasset" 5
"../../../Engine/Content/EngineMaterials/DefaultPostProcessMaterial.uasset" 6
"../../../Engine/Content/EditorMaterials/Camera/CineMat.uasset" 7
"../../../Engine/Content/EditorMaterials/Camera/MI_CineMat_Rig.uasset" 8
"../../../Engine/Content/EditorMeshes/Camera/SM_CraneRig_Base.uasset" 9
"../../../Engine/Content/EditorMeshes/Camera/SM_CraneRig_Arm.uasset" 10
"../../../Engine/Content/EditorMeshes/Camera/SM_CraneRig_Mount.uasset" 11
"../../../Engine/Content/EditorMeshes/Camera/SM_CraneRig_Body.uasset" 12
"../../../Engine/Content/EditorMeshes/Camera/SM_RailRig_Track.uasset" 13
"../../../Engine/Content/EditorMeshes/Camera/SM_RailRig_Mount.uasset" 14
"../../../Engine/Content/EngineResources/AICON-Red.uasset" 15
"../../../Engine/Content/EngineResources/AICON-Green.uasset" 16
"../../../Engine/Content/EngineFonts/Roboto.uasset" 17
"../../../Engine/Content/EngineResources/DefaultTexture.uasset" 18
"../../../Engine/Content/Functions/Engine_MaterialFunctions01/Texturing/ScaleUVsByCenter.uasset" 19
"../../../Engine/Content/Functions/Engine_MaterialFunctions02/ScreenResolution.uasset" 20
"../../../Engine/Content/Functions/Engine_MaterialFunctions02/Texturing/ScreenAlignedUVs.uasset" 21
"../../../Engine/Content/EngineResources/WhiteSquareTexture.uasset" 22
"../../../Engine/Content/EngineMaterials/Widget3DPassThrough.uasset" 23
"../../../Engine/Content/EngineMaterials/Widget3DPassThrough_Translucent.uasset" 24
"../../../Engine/Content/EngineMaterials/Widget3DPassThrough_Translucent_OneSided.uasset" 25
"../../../Engine/Content/EngineMaterials/Widget3DPassThrough_Opaque.uasset" 26
"../../../Engine/Content/EngineMaterials/Widget3DPassThrough_Opaque_OneSided.uasset" 27
"../../../Engine/Content/EngineMaterials/Widget3DPassThrough_Masked.uasset" 28
"../../../Engine/Content/EngineMaterials/Widget3DPassThrough_Masked_OneSided.uasset" 29
"../../../Engine/Content/EditorResources/S_Actor.uasset" 30
"../../../Engine/Content/EditorMaterials/AssetViewer/EpicQuadPanorama_CC+EV1.uasset" 31
"../../../Engine/Content/EditorResources/RGBTable16x1_AssetViewer.uasset" 32
"../../../Engine/Content/Maps/Templates/Thumbnails/Default.uasset" 33
"../../../Engine/Content/Maps/Templates/Thumbnails/VR-Basic.uasset" 34
"../../../Engine/Content/EditorMaterials/ParticleSystems/PSysThumbnail_NoImage.uasset" 35
"../../../Engine/Content/EditorMaterials/ParticleSystems/PSysThumbnail_OOD.uasset" 36
"../../../Engine/Content/EditorLandscapeResources/DataLayer.uasset" 37
"../../../Engine/Content/EngineDamageTypes/DmgTypeBP_Environmental.uasset" 38
"../../../Engine/Content/EngineMeshes/Sphere.uasset" 39
"../../../Engine/Content/EngineFonts/RobotoDistanceField.uasset" 40
"../../../Engine/Content/EngineMaterials/DefaultTextMaterialOpaque.uasset" 41
"../../../Engine/Content/EditorResources/S_Trigger.uasset" 42
"../../../Engine/Content/EngineResources/GradientTexture0.uasset" 43
"../../../Engine/Content/EngineResources/Black.uasset" 44
"../../../Engine/Content/EditorMaterials/MatineeGroups/MAT_Groups_Float.uasset" 45
"../../../Engine/Content/EditorMaterials/MatineeGroups/MAT_Groups_Director.uasset" 46
"../../../Engine/Content/EditorMaterials/MatineeGroups/MAT_Groups_Event.uasset" 47
"../../../Engine/Content/EditorMaterials/MatineeGroups/MAT_Groups_Anim.uasset" 48
"../../../Engine/Content/EditorMaterials/MatineeGroups/MAT_Groups_Fade.uasset" 49
"../../../Engine/Content/EditorMaterials/MatineeGroups/MAT_Groups_Move.uasset" 50
"../../../Engine/Content/EditorMaterials/MatineeGroups/MAT_Groups_Slomo.uasset" 51
"../../../Engine/Content/EditorMaterials/MatineeGroups/MAT_ColorTrack.uasset" 52
"../../../Engine/Content/EditorMaterials/MAT_Groups_Toggle.uasset" 53
"../../../Engine/Content/EditorMaterials/MatineeGroups/MAT_Groups_AudioMaster.uasset" 54
"../../../Engine/Content/EditorMaterials/MatineeGroups/MAT_Groups_Sound.uasset" 55
"../../../Engine/Content/EditorMaterials/MatineeGroups/MAT_Groups_Vector.uasset" 56
"../../../Engine/Content/EditorMaterials/MAT_Groups_Visibility.uasset" 57
"../../../Engine/Content/EngineResources/DefaultTextureCube.uasset" 58
"../../../Engine/Content/Functions/Engine_MaterialFunctions01/Opacity/CameraDepthFade.uasset" 59
"../../../Engine/Content/EngineMaterials/T_Default_Material_Grid_M.uasset" 60
"../../../Engine/Content/EngineMaterials/T_Default_Material_Grid_N.uasset" 61
"../../../Engine/Content/EngineMaterials/DefaultMaterial.uasset" 62
"../../../Engine/Content/EngineMeshes/Cylinder.uasset" 63
"../../../Engine/Content/EngineTireTypes/DefaultTireType.uasset" 64
"../../../Engine/Content/VREditor/LaserPointer/VR_LaserPower_01.uasset" 65
"../../../Engine/Content/VREditor/TransformGizmo/TransformGizmoMaterial.uasset" 66
"../../../Engine/Content/VREditor/TransformGizmo/TranslucentTransformGizmoMaterial.uasset" 67
"../../../Engine/Content/VREditor/TransformGizmo/UniformScaleHandle.uasset" 68
"../../../Engine/Content/VREditor/TransformGizmo/TranslateHandleLong.uasset" 69
"../../../Engine/Content/VREditor/TransformGizmo/PlaneTranslationHandle.uasset" 70
"../../../Engine/Content/VREditor/TransformGizmo/RotationHandleFull.uasset" 71
"../../../Engine/Content/VREditor/TransformGizmo/StretchingHandle.uasset" 72
"../../../Engine/Content/VREditor/TransformGizmo/BoundingBoxCorner.uasset" 73
"../../../Engine/Content/VREditor/TransformGizmo/BoundingBoxEdge.uasset" 74
"../../../Engine/Content/VREditor/UI/SelectionBarMesh.uasset" 75
"../../../Engine/Content/VREditor/UI/CloseButtonMesh.uasset" 76
"../../../Engine/Content/VREditor/FloatingText/LineMaterial.uasset" 77
"../../../Engine/Content/VREditor/FloatingText/LineSegmentCylinder.uasset" 78
"../../../Engine/Content/VREditor/FloatingText/JointSphere.uasset" 79
"../../../Engine/Content/VREditor/Fonts/VRText_RobotoLarge.uasset" 80
"../../../Engine/Content/VREditor/Fonts/VRTextMaterial.uasset" 81
"../../../Engine/Content/VREditor/Fonts/TranslucentVRTextMaterial.uasset" 82
"../../../Engine/Content/VREditor/TransformGizmo/TranslationHandle.uasset" 83
"../../../Engine/Content/VREditor/TransformGizmo/RotationHandle.uasset" 84
"../../../Engine/Content/VREditor/Devices/Generic/GenericHMDMaterial.uasset" 85
"../../../Engine/Content/VREditor/Devices/Generic/GenericHMD.uasset" 86
"../../../Engine/Content/Functions/Engine_MaterialFunctions01/Gradient/RadialGradient.uasset" 87
"../../../Engine/Content/EditorLandscapeResources/FlattenHeightMat.uasset" 88
"../../../Engine/Content/VREditor/WorldMovementGrid/PlaneMesh.uasset" 89
"../../../Engine/Content/VREditor/WorldMovementGrid/SimpleGrid.uasset" 90
"../../../Engine/Content/VREditor/WorldMovementGrid/GridMaterial.uasset" 91
"../../../Engine/Content/VREditor/LaserPointer/LaserPointerMaterial.uasset" 92
"../../../Engine/Content/VREditor/LaserPointer/LaserPointerMaterialInst.uasset" 93
"../../../Engine/Content/VREditor/LaserPointer/TranslucentLaserPointerMaterialInst.uasset" 94
"../../../Engine/Content/VREditor/LaserPointer/LaserPointerMesh.uasset" 95
"../../../Engine/Content/Functions/Engine_MaterialFunctions01/Density/ExponentialDensity.uasset" 96
"../../../Engine/Content/VREditor/WorldMovementGrid/GridPostProcess.uasset" 97
"../../../Engine/Content/VREditor/Sounds/VR_teleport_Cue.uasset" 98
"../../../Engine/Content/VREditor/Sounds/VR_grab_Cue.uasset" 99
"../../../Engine/Content/Tutorial/Basics/TutorialAssets/icon_tab_Levels_40x.uasset" 100
"../../../Engine/Content/Tutorial/ContentIntroCurve.uasset" 101
"../../../Engine/Plugins/2D/Paper2D/Content/PlaceholderTextures/DummySpriteTexture.uasset" 102
"../../../Engine/Plugins/2D/Paper2D/Content/DefaultSpriteMaterial.uasset" 103
"../../../Engine/Plugins/2D/Paper2D/Content/MaskedUnlitSpriteMaterial.uasset" 104
"../../../Engine/Plugins/2D/Paper2D/Content/OpaqueUnlitSpriteMaterial.uasset" 105
"../../../Engine/Plugins/2D/Paper2D/Content/DummySprite.uasset" 106
"../../../Engine/Plugins/2D/Paper2D/Content/DefaultPaperTerrainMaterial.uasset" 107
"../../../Engine/Content/EngineMaterials/RemoveSurfaceMaterial.uasset" 108
"../../../Engine/Content/EngineDebugMaterials/DebugMeshMaterial.uasset" 109
"../../../Engine/Content/EngineMaterials/InvalidLightmapSettings.uasset" 110
"../../../Engine/Content/EngineMaterials/M_InvalidLightmapSettings.uasset" 111
"../../../Engine/Content/EditorMaterials/GizmoMaterial.uasset" 112
"../../../Engine/Content/EngineMaterials/PhAT_JointLimitMaterial.uasset" 113
"../../../Engine/Content/EngineMaterials/Good64x64TilingNoiseHighFreq.uasset" 114
"../../../Engine/Content/EngineMaterials/DefaultBokeh.uasset" 115
"../../../Engine/Content/EngineMaterials/PreintegratedSkinBRDF.uasset" 116
"../../../Engine/Content/EngineMaterials/MiniFont.uasset" 117
"../../../Engine/Content/EngineMaterials/WeightMapPlaceholderTexture.uasset" 118
"../../../Engine/Content/EngineMaterials/DefaultWhiteGrid.uasset" 119
"../../../Engine/Content/EngineMaterials/DefaultPhysicalMaterial.uasset" 120
"../../../Engine/Content/EngineFonts/RobotoTiny.uasset" 121
"../../../Engine/Content/EditorSounds/Notifications/CompileSuccess.uasset" 122
"../../../Engine/Content/EditorSounds/Notifications/CompileStart_Cue.uasset" 123
"../../../Engine/Content/EditorSounds/Notifications/CompileSuccess_Cue.uasset" 124
"../../../Engine/Content/EditorSounds/Notifications/CompileFailed.uasset" 125
"../../../Engine/Content/EditorSounds/Notifications/CompileFailed_Cue.uasset" 126
"../../../Engine/Content/BasicShapes/Sphere.uasset" 127
"../../../Engine/Content/BasicShapes/Cylinder.uasset" 128
"../../../Engine/Content/BasicShapes/Cone.uasset" 129
"../../../Engine/Content/EditorResources/BSPVertex.uasset" 130
"../../../Engine/Content/EngineDebugMaterials/GeomMaterial.uasset" 131
"../../../Engine/Content/EngineDebugMaterials/HeatmapGradient.uasset" 132
"../../../Engine/Content/EngineDebugMaterials/BoneWeightMaterial.uasset" 133
"../../../Engine/Content/EditorMaterials/PreviewShadowIndicator.uasset" 134
"../../../Engine/Content/EditorMaterials/PreviewShadowIndicatorMaterial.uasset" 135
"../../../Engine/Content/EngineMaterials/EditorBrushMaterial.uasset" 136
"../../../Engine/Content/EditorMeshes/ColorCalibrator/M_ChromeBall.uasset" 137
"../../../Engine/Content/EditorMeshes/ColorCalibrator/M_ClearCoat.uasset" 138
"../../../Engine/Content/EditorMeshes/ColorCalibrator/M_ClearCoatBlack.uasset" 139
"../../../Engine/Content/EditorMeshes/ColorCalibrator/T_ColorGrid.uasset" 140
"../../../Engine/Content/EditorMeshes/ColorCalibrator/M_ColorGrid.uasset" 141
"../../../Engine/Content/EditorMeshes/ColorCalibrator/M_GreyBall.uasset" 142
"../../../Engine/Content/EditorMeshes/ColorCalibrator/SM_ColorCalibrator.uasset" 143
"../../../Engine/Content/MobileResources/HUD/VirtualJoystick_Background.uasset" 144
"../../../Engine/Content/MobileResources/HUD/VirtualJoystick_Thumb.uasset" 145
"../../../Engine/Content/MobileResources/HUD/DefaultVirtualJoysticks.uasset" 146
"../../../Engine/Content/Tutorial/BlueprintTutorials/TutorialAssets/Blueprint_64x.uasset" 147
"../../../Engine/Content/Tutorial/SubEditors/TutorialAssets/icon_Editor_Preferences_General_40x.uasset" 148
"../../../Engine/Content/Tutorial/Paper2D/TutorialAssets/Paper2DSprite_TutorialIcon.uasset" 149
"../../../Engine/Content/Tutorial/SubEditors/TutorialAssets/icon_ShowSkeletalMeshes_40x.uasset" 150
"../../../Engine/Content/Tutorial/Landscape/TutorialAssets/Landscape.uasset" 151
"../../../Engine/Content/Tutorial/Foliage/TutorialAssets/Foliage.uasset" 152
"../../../Engine/Content/Tutorial/BlueprintTutorials/TutorialAssets/BlueprintMacroLibrary_64x.uasset" 153
"../../../Engine/Content/Tutorial/BlueprintTutorials/TutorialAssets/BlueprintInterface_64x.uasset" 154
"../../../Engine/Content/Tutorial/Paper2D/TutorialAssets/Paper2DFlipbook_TutorialIcon.uasset" 155
"../../../Engine/Content/MobileResources/HUD/T_Castle_ThumbstickInner.uasset" 156
"../../../Engine/Content/MobileResources/HUD/MobileHUDDirectionPad3.uasset" 157
"../../../Engine/Content/MobileResources/HUD/MobileHUDDirectionPad.uasset" 158
"../../../Engine/Content/EngineMeshes/Cube.uasset" 159
"../../../Engine/Content/Tutorial/BlueprintTutorials/TutorialAssets/Tutorial_BP_Interface.uasset" 160
"../../../Engine/Content/EngineMaterials/WorldGridMaterial.uasset" 161
"../../../Engine/Content/EditorMeshes/EditorCube.uasset" 162
"../../../Engine/Content/Tutorial/SubEditors/TutorialAssets/Tutorial_DM.uasset" 163
"../../../Engine/Content/Tutorial/SubEditors/TutorialAssets/TutorialMaterial.uasset" 164
"../../../Engine/Content/Tutorial/SubEditors/TutorialAssets/T_SmokeSubUV_8X8.uasset" 165
"../../../Engine/Content/Tutorial/SubEditors/TutorialAssets/T_soft_smoke.uasset" 166
"../../../Engine/Content/Tutorial/SubEditors/TutorialAssets/M_smoke_subUV_blackbody.uasset" 167
"../../../Engine/Content/Tutorial/SubEditors/TutorialAssets/TutorialParticleSystem.uasset" 168
"../../../Engine/Content/EditorResources/EmptyActor.uasset" 169
"../../../Engine/Content/EditorResources/AudioIcons/S_AudioComponent_AutoActivate.uasset" 170
"../../../Engine/Content/MobileResources/HUD/MobileHUDButton2_on.uasset" 171
"../../../Engine/Content/MobileResources/HUD/MobileHUDButton2_off.uasset" 172
"../../../Engine/Content/MobileResources/HUD/MobileHUDButton1_on.uasset" 173
"../../../Engine/Content/MobileResources/HUD/MobileHUDButton1_off.uasset" 174
"../../../Engine/Content/MobileResources/HUD/LeftVirtualJoystickOnly.uasset" 175
"../../../Engine/Content/MobileResources/HUD/AnalogHat.uasset" 176
"../../../Engine/Content/MobileResources/T_MobileMenu2.uasset" 177
"../../../Engine/Content/MobileResources/T_MobileControls_texture.uasset" 178
"../../../Engine/Content/EditorBlueprintResources/StandardMacros.uasset" 179
"../../../Engine/Content/BasicShapes/BasicShapeMaterial.uasset" 180
"../../../IWWU/Content/IWAContent/Material/LowMaterial.uasset" 181
"../../../IWWU/Content/IWAContent/Material/LowMatInstBevel.uasset" 182
"../../../Engine/Content/BasicShapes/Cube.uasset" 183
"../../../IWWU/Content/Geometry/Meshes/CubeMaterial.uasset" 184
"../../../IWWU/Content/Geometry/Meshes/1M_Cube.uasset" 185
"../../../IWWU/Content/Geometry/Meshes/1M_Cube_Chamfer.uasset" 186
"../../../IWWU/Content/IWAContent/Mesh/TunnelCapC.uasset" 187
"../../../IWWU/Content/IWAContent/Blueprint/Arch/BaseTunnel.uasset" 188
"../../../IWWU/Content/IWAContent/Blueprint/Arch/TunnelBP.uasset" 189
"../../../Engine/Content/Functions/Engine_MaterialFunctions01/WorldPositionOffset/SimpleGrassWind.uasset" 190
"../../../Engine/Content/Functions/Engine_MaterialFunctions02/WorldPositionOffset/Wind.uasset" 191
"../../../Engine/Content/EditorMaterials/Cascade/CASC_Cross.uasset" 192
"../../../Engine/Content/EditorMaterials/Cascade/CASC_None.uasset" 193
"../../../Engine/Content/Functions/Engine_MaterialFunctions03/Blends/Blend_Overlay.uasset" 194
"../../../IWWU/Content/MyMesh/Vegetations2/SpeherPos.uasset" 195
"../../../IWWU/Content/MyMesh/SuperTrees/BeringinLeaves2.uasset" 196
"../../../IWWU/Content/MyMesh/Vegetations2/ColorVari.uasset" 197
"../../../IWWU/Content/MyMesh/SuperTrees/02_StandardLeaves_Mat.uasset" 198
"../../../IWWU/Content/MyMesh/SuperTrees/BushLeaves.uasset" 199
"../../../IWWU/Content/MyMesh/SuperTrees/SLeaves_Inst-BushLeaves.uasset" 200
"../../../IWWU/Content/IWAContent/Sound/woosh_push.uasset" 201
"../../../IWWU/Content/IWAContent/Material/LowMaterial2.uasset" 202
"../../../IWWU/Content/IWAContent/Level/Alpha/TunnelCapC.uasset" 203
"../../../IWWU/Content/IWAContent/Level/Alpha/Sad.uasset" 204
"../../../IWWU/Content/IWAContent/LowMaterial.uasset" 205
"../../../IWWU/Content/IWAContent/Level/Alpha/LowMatInstYellowGrass2.uasset" 206
"../../../IWWU/Content/IWAContent/Level/Alpha/LowMatInstYellowGrass.uasset" 207
"../../../IWWU/Content/IWAContent/LowMaterialEmmisive.uasset" 208
"../../../IWWU/Content/IWAContent/Level/Alpha/LowMaterialEmmisive_Inst2pohonUnlit.uasset" 209
"../../../IWWU/Content/IWAContent/Level/Alpha/BLACKUNLIT.uasset" 210
"../../../IWWU/Content/IWAContent/Level/Alpha/LowMaterialEmmisive_Inst.uasset" 211
"../../../IWWU/Content/IWAContent/Level/Alpha/LowMatInstBevel.uasset" 212
"../../../IWWU/Content/IWAContent/Level/Alpha/LowMatInstBlack.uasset" 213
"../../../IWWU/Content/IWAContent/Level/Alpha/CarSedan.uasset" 214
"../../../IWWU/Content/IWAContent/Blueprint/Arch/SedanCarBP.uasset" 215
"../../../IWWU/Content/IWAContent/Blueprint/InteractInterface.uasset" 216
"../../../IWWU/Content/IWAContent/Audio/Level3Med/T6L3_01.uasset" 217
"../../../IWWU/Content/IWAContent/Audio/Level3Bad/LostMemoryEnding_01.uasset" 218
"../../../IWWU/Content/IWAContent/Audio/Level2Med/T6MR5_01.uasset" 219
"../../../IWWU/Content/IWAContent/Audio/Level2Med/T4MR6_01.uasset" 220
"../../../IWWU/Content/IWAContent/Audio/Level2Med/T3MR8_01.uasset" 221
"../../../IWWU/Content/IWAContent/Audio/Level2Med/T3MR4_01.uasset" 222
"../../../IWWU/Content/IWAContent/Audio/Level2Med/T3MR3_01.uasset" 223
"../../../IWWU/Content/IWAContent/Audio/Level2Med/T1MR7_01.uasset" 224
"../../../IWWU/Content/IWAContent/Audio/Level2Med/Is_this_the_accident_s_where_my_mom_gone_01.uasset" 225
"../../../IWWU/Content/IWAContent/Audio/Level2Med/Great__now_I_m_in_a_forest_thing_____but_i_remember_this_forest_before_01.uasset" 226
"../../../IWWU/Content/IWAContent/Audio/Level2Med/Blood_tracks_01.uasset" 227
"../../../IWWU/Content/IWAContent/Audio/Level2Good/LV2SG_01.uasset" 228
"../../../IWWU/Content/IWAContent/Audio/Level2Bad/Great__more_puzzles__even_I_m_tired_with_my_own_mind__Probably_just_die_already_01.uasset" 229
"../../../IWWU/Content/IWAContent/Audio/Level01/where_am_i__01.uasset" 230
"../../../IWWU/Content/IWAContent/Audio/Level01/wait_i_rembember_this___this_is_last_year_vacation_01.uasset" 231
"../../../IWWU/Content/IWAContent/Audio/Level01/T2C3_02.uasset" 232
"../../../IWWU/Content/IWAContent/Audio/Level01/T2C2_01.uasset" 233
"../../../IWWU/Content/IWAContent/Audio/Level01/T11C1_01.uasset" 234
"../../../IWWU/Content/IWAContent/Audio/Level01/Is_this_my_house__this_is_really_exactly_looks_like_my_house_01.uasset" 235
"../../../IWWU/Content/IWAContent/Audio/Level01/Hey__look_s_like_these_floating_cubes_are_trying_to_tell_me_something_01.uasset" 236
"../../../IWWU/Content/IWAContent/Audio/HeartRate.uasset" 237
"../../../IWWU/Content/IWAContent/Audio/BigHeartRate.uasset" 238
"../../../IWWU/Content/Geometry/Meshes/TemplateFloor.uasset" 239
"../../../IWWU/Content/Geometry/Meshes/CubeMaterialBlack.uasset" 240
"../../../IWWU/Content/FirstPerson/Character/Mesh/SK_Mannequin_Arms_Skeleton.uasset" 241
"../../../IWWU/Content/FirstPerson/Animations/FirstPerson_Idle.uasset" 242
"../../../IWWU/Content/FirstPerson/Animations/FirstPerson_JumpEnd.uasset" 243
"../../../IWWU/Content/FirstPerson/Animations/FirstPerson_JumpLoop.uasset" 244
"../../../IWWU/Content/FirstPerson/Animations/FirstPerson_JumpStart.uasset" 245
"../../../IWWU/Content/FirstPerson/Animations/FirstPerson_Run.uasset" 246
"../../../IWWU/Content/FirstPerson/Animations/FirstPerson_AnimBP.uasset" 247
"../../../IWWU/Content/FirstPerson/Animations/FirstPerson_Fire.uasset" 248
"../../../IWWU/Content/FirstPerson/Animations/FirstPersonFire_Montage.uasset" 249
"../../../IWWU/Content/FirstPerson/Meshes/BaseMaterial2.uasset" 250
"../../../IWWU/Content/FirstPerson/Meshes/FirstPersonProjectileMaterial.uasset" 251
"../../../IWWU/Content/FirstPerson/Meshes/FirstPersonProjectileMesh.uasset" 252
"../../../IWWU/Content/FirstPersonBP/Blueprints/FirstPersonProjectile.uasset" 253
"../../../IWWU/Content/FirstPerson/Audio/FirstPersonTemplateWeaponFire02.uasset" 254
"../../../Engine/Content/Functions/Engine_MaterialFunctions02/Utility/BlendAngleCorrectedNormals.uasset" 255
"../../../Engine/Content/Functions/MaterialLayerFunctions/MatLayerBlend_NormalBlend.uasset" 256
"../../../Engine/Content/Functions/MaterialLayerFunctions/MatLayerBlend_Simple.uasset" 257
"../../../IWWU/Content/FirstPerson/Character/Materials/MaterialLayers/T_ML_Rubber_Blue_01_D.uasset" 258
"../../../IWWU/Content/FirstPerson/Character/Materials/MaterialLayers/T_ML_Rubber_Blue_01_N.uasset" 259
"../../../IWWU/Content/FirstPerson/Character/Materials/MaterialLayers/ML_GlossyBlack_Latex_UE4.uasset" 260
"../../../IWWU/Content/FirstPerson/Character/Materials/MaterialLayers/ML_Plastic_Shiny_Beige.uasset" 261
"../../../IWWU/Content/FirstPerson/Character/Textures/UE4_LOGO_CARD.uasset" 262
"../../../IWWU/Content/FirstPerson/Character/Materials/MaterialLayers/ML_Plastic_Shiny_Beige_LOGO.uasset" 263
"../../../IWWU/Content/FirstPerson/Character/Materials/MaterialLayers/T_ML_Aluminum01.uasset" 264
"../../../IWWU/Content/FirstPerson/Character/Materials/MaterialLayers/T_ML_Aluminum01_N.uasset" 265
"../../../IWWU/Content/FirstPerson/Character/Materials/MaterialLayers/ML_SoftMetal_UE4.uasset" 266
"../../../IWWU/Content/FirstPerson/Character/Textures/UE4_Mannequin__normals.uasset" 267
"../../../IWWU/Content/FirstPerson/Character/Textures/UE4_Mannequin_MAT_MASKA.uasset" 268
"../../../IWWU/Content/FirstPerson/Character/Materials/M_UE4Man_Body.uasset" 269
"../../../IWWU/Content/FirstPerson/Character/Mesh/SK_Mannequin_Arms_PhysicsAsset.uasset" 270
"../../../IWWU/Content/FirstPerson/Character/Mesh/SK_Mannequin_Arms.uasset" 271
"../../../IWWU/Content/FirstPerson/FPWeapon/Materials/MaterialLayers/T_ML_Rubber_Blue_01_D.uasset" 272
"../../../IWWU/Content/FirstPerson/FPWeapon/Materials/MaterialLayers/T_ML_Rubber_Blue_01_N.uasset" 273
"../../../IWWU/Content/FirstPerson/FPWeapon/Materials/MaterialLayers/ML_GlossyBlack_Latex_UE4.uasset" 274
"../../../IWWU/Content/FirstPerson/FPWeapon/Materials/MaterialLayers/ML_Plastic_Shiny_Beige.uasset" 275
"../../../IWWU/Content/FirstPerson/FPWeapon/Materials/MaterialLayers/ML_Screen.uasset" 276
"../../../IWWU/Content/FirstPerson/FPWeapon/Materials/MaterialLayers/T_ML_Aluminum01.uasset" 277
"../../../IWWU/Content/FirstPerson/FPWeapon/Materials/MaterialLayers/T_ML_Aluminum01_N.uasset" 278
"../../../IWWU/Content/FirstPerson/FPWeapon/Materials/MaterialLayers/ML_SoftMetal_UE4.uasset" 279
"../../../IWWU/Content/FirstPerson/FPWeapon/Textures/T_FPGun_M.uasset" 280
"../../../IWWU/Content/FirstPerson/FPWeapon/Textures/T_FPGun_N.uasset" 281
"../../../IWWU/Content/FirstPerson/FPWeapon/Materials/M_FPGun.uasset" 282
"../../../IWWU/Content/FirstPerson/FPWeapon/Mesh/SK_FPGun_Skeleton.uasset" 283
"../../../IWWU/Content/FirstPerson/FPWeapon/Mesh/SK_FPGun.uasset" 284
"../../../IWWU/Content/FirstPersonBP/Blueprints/FirstPersonCharacter.uasset" 285
"../../../IWWU/Content/FirstPerson/FPWeapon/Mesh/SK_FPGun_PhysicsAsset.uasset" 286
"../../../IWWU/Content/FirstPerson/FPWeapon/Materials/MaterialLayers/T_ML_FineRubber.uasset" 287
"../../../IWWU/Content/FirstPerson/FPWeapon/Materials/MaterialLayers/ML_Plastic_Shiny_Beige_LOGO.uasset" 288
"../../../Engine/Content/MobileResources/HUD/MobileHUDDirectionStick.uasset" 289
"../../../Engine/Content/MobileResources/HUD/T_Castle_ThumbstickOutter.uasset" 290
"../../../Engine/Content/MobileResources/HUD/MobileHUDDirectionPad2.uasset" 291
"../../../Engine/Content/MobileResources/HUD/MobileHUDButtonFire.uasset" 292
"../../../Engine/Content/MobileResources/HUD/MobileHUDButton3.uasset" 293
"../../../Engine/Content/EngineMaterials/DefaultNormal.uasset" 294
"../../../Engine/Content/Maps/Entry.umap" 295
"../../../Engine/Content/EngineSky/C_Sky_Cloud_Color.uasset" 296
"../../../Engine/Content/EngineSky/C_Sky_Horizon_Color.uasset" 297
"../../../Engine/Content/EngineSky/C_Sky_Zenith_Color.uasset" 298
"../../../Engine/Content/EngineSky/T_Sky_Blue.uasset" 299
"../../../Engine/Content/EngineSky/T_Sky_Clouds_M.uasset" 300
"../../../Engine/Content/EngineSky/T_Sky_Stars.uasset" 301
"../../../Engine/Content/EngineSky/M_Sky_Panning_Clouds2.uasset" 302
"../../../Engine/Content/EngineSky/SM_SkySphere.uasset" 303
"../../../Engine/Content/EngineSky/BP_Sky_Sphere.uasset" 304
"../../../IWWU/Content/IWAContent/Blueprint/GameMode/CineGameMode.uasset" 305
"../../../IWWU/Content/IWAContent/Audio/AlphaLevel/audioclip-1440826695__1_zzzzzzzzzzz_Cue.uasset" 306
"../../../Engine/Content/Functions/Engine_MaterialFunctions02/Math/MultiplyAdd.uasset" 307
"../../../IWWU/Content/IWAContent/Level/Alpha/TranslucentWindow.uasset" 308
"../../../IWWU/Content/IWAContent/Level/Alpha/TranslucentWindow_Inst.uasset" 309
"../../../IWWU/Content/IWAContent/Level/Alpha/CarDriving.uasset" 310
"../../../IWWU/Content/IWAContent/Level/Alpha/LowMatInstGreenCloth.uasset" 311
"../../../IWWU/Content/IWAContent/Level/Alpha/LowMatInstShine.uasset" 312
"../../../IWWU/Content/IWAContent/Level/Alpha/HospitalScene.uasset" 313
"../../../IWWU/Content/IWAContent/Level/Alpha/Truck.uasset" 314
"../../../IWWU/Content/IWAContent/Level/Alpha.umap" 315
"../../../IWWU/Content/IWAContent/Mesh/hand.uasset" 316
"../../../IWWU/Content/IWAContent/Sound/woosh_sfx_02.uasset" 317
"../../../IWWU/Content/IWAContent/UserInterface/BlinkingWidget.uasset" 318
"../../../IWWU/Content/IWAContent/UserInterface/CrosshairWidget.uasset" 319
"../../../IWWU/Content/IWAContent/Blueprint/HandCharacter.uasset" 320
"../../../IWWU/Content/IWAContent/2DAssets/Keyboard_Black_Mouse_Right.uasset" 321
"../../../IWWU/Content/IWAContent/UserInterface/Tutorial/HoldTutorial.uasset" 322
"../../../IWWU/Content/IWAContent/Blueprint/Tutorial/BP_TutorialHodlingObjects.uasset" 323
"../../../IWWU/Content/IWAContent/2DAssets/Keyboard_Black_Mouse_Left.uasset" 324
"../../../IWWU/Content/IWAContent/UserInterface/Tutorial/ShootTutorial.uasset" 325
"../../../IWWU/Content/IWAContent/Blueprint/Tutorial/BP_TutotrialShoot.uasset" 326
"../../../IWWU/Content/FirstPerson/Textures/FirstPersonCrosshair.uasset" 327
"../../../IWWU/Content/FirstPersonBP/Blueprints/FirstPersonHUD.uasset" 328
"../../../IWWU/Content/FirstPersonBP/Blueprints/FirstPersonGameMode.uasset" 329
"../../../IWWU/Content/IWAContent/Blueprint/BP_KeyPass2.uasset" 330
"../../../IWWU/Content/IWAContent/UserInterface/Tutorial/KeyPlacedTutorial.uasset" 331
"../../../IWWU/Content/IWAContent/Blueprint/Tutorial/BP_TutorialKeyPass.uasset" 332
"../../../IWWU/Content/ExampleContent/Blueprint_Communication/Materials/M_Highlight.uasset" 333
"../../../IWWU/Content/FirstPerson/Meshes/BasicShapeMaterialEmisive.uasset" 334
"../../../IWWU/Content/FirstPerson/Meshes/BaseMaterial.uasset" 335
"../../../IWWU/Content/FirstPerson/Meshes/CubeMaterialOverride.uasset" 336
"../../../IWWU/Content/IWAContent/Level/Alpha/LowMaterialEmmisive_Inst22Level01.uasset" 337
"../../../IWWU/Content/IWAContent/Level/Alpha/LowMaterialEmmisive_Inst3.uasset" 338
"../../../IWWU/Content/IWAContent/Audio/Level00/Angels_behind_the_wall.uasset" 339
"../../../IWWU/Content/IWAContent/Audio/Level00/hollow_drone_001.uasset" 340
"../../../IWWU/Content/IWAContent/Audio/Level00/hollow_drone_001_Cue.uasset" 341
"../../../IWWU/Content/IWAContent/Mesh/SpiralStair.uasset" 342
"../../../IWWU/Content/IWAContent/2DAssets/Keyboard_Black_Space.uasset" 343
"../../../IWWU/Content/IWAContent/UserInterface/Tutorial/JumpTutorial.uasset" 344
"../../../IWWU/Content/FirstPerson/Meshes/Invisible.uasset" 345
"../../../IWWU/Content/MyMesh/SuperTrees/PinusBark.uasset" 346
"../../../IWWU/Content/MyMesh/SuperTrees/PinusBark_NORM.uasset" 347
"../../../IWWU/Content/MyMesh/SuperTrees/00_StandardWoodMat.uasset" 348
"../../../IWWU/Content/MyMesh/SuperTrees/Wood03.uasset" 349
"../../../IWWU/Content/MyMesh/SuperTrees/Wood03_NORM.uasset" 350
"../../../IWWU/Content/MyMesh/SuperTrees/SWood_Inst-Wood03.uasset" 351
"../../../IWWU/Content/MyMesh/SuperTrees/SimpleTree6.uasset" 352
"../../../IWWU/Content/IWAContent/Level/Level00.umap" 353
